<?xml version="1.0" encoding="UTF-8"?>
<testsuite xmlns:xsi="http://www.w3.org/2001/XMLSchema-instance" xsi:noNamespaceSchemaLocation="https://maven.apache.org/surefire/maven-surefire-plugin/xsd/surefire-test-report.xsd" version="3.0.2" name="com.jeevlifeworks.Student_Management_System_SpringBoot.controller.StudentControllerTest" time="14.328" tests="3" errors="0" skipped="0" failures="0">
  <properties>
[...]
</properties>
  <testcase name="addStudent_success" classname="com.jeevlifeworks.Student_Management_System_SpringBoot.controller.StudentControllerTest" time="1.414">
    <system-out><![CDATA[22:38:11.702 [main] INFO org.springframework.test.context.support.AnnotationConfigContextLoaderUtils -- Could not detect default configuration classes for test class [com.jeevlifeworks.Student_Management_System_SpringBoot.controller.StudentControllerTest]: StudentControllerTest does not declare any static, non-private, non-final, nested classes annotated with @Configuration.
22:38:12.605 [main] INFO org.springframework.boot.test.context.SpringBootTestContextBootstrapper -- Found @SpringBootConfiguration com.jeevlifeworks.Student_Management_System_SpringBoot.StudentManagementSystemSpringBootApplication for test class com.jeevlifeworks.Student_Management_System_SpringBoot.controller.StudentControllerTest
22:38:13.088 [main] INFO org.springframework.boot.devtools.restart.RestartApplicationListener -- Restart disabled due to context in which it is running

  .   ____          _            __ _ _
 /\\ / ___'_ __ _ _(_)_ __  __ _ \ \ \ \
( ( )\___ | '_ | '_| | '_ \/ _` | \ \ \ \
 \\/  ___)| |_)| | | | | || (_| |  ) ) ) )
  '  |____| .__|_| |_|_| |_\__, | / / / /
 =========|_|==============|___/=/_/_/_/

 :: Spring Boot ::                (v3.5.3)

2025-07-05T22:38:14.943+05:30  INFO 23892 --- [Student_Management_System_SpringBoot] [           main] c.j.S.controller.StudentControllerTest   : Starting StudentControllerTest using Java 23.0.1 with PID 23892 (started by Dell in C:\Users\Dell\OneDrive\Desktop\JeevLife Works\Student_Management_System_SpringBoot_Week_5)
2025-07-05T22:38:14.946+05:30  INFO 23892 --- [Student_Management_System_SpringBoot] [           main] c.j.S.controller.StudentControllerTest   : No active profile set, falling back to 1 default profile: "default"
2025-07-05T22:38:23.122+05:30  INFO 23892 --- [Student_Management_System_SpringBoot] [           main] o.s.b.t.m.w.SpringBootMockServletContext : Initializing Spring TestDispatcherServlet ''
2025-07-05T22:38:23.124+05:30  INFO 23892 --- [Student_Management_System_SpringBoot] [           main] o.s.t.web.servlet.TestDispatcherServlet  : Initializing Servlet ''
2025-07-05T22:38:23.134+05:30  INFO 23892 --- [Student_Management_System_SpringBoot] [           main] o.s.t.web.servlet.TestDispatcherServlet  : Completed initialization in 5 ms
2025-07-05T22:38:23.264+05:30  INFO 23892 --- [Student_Management_System_SpringBoot] [           main] c.j.S.controller.StudentControllerTest   : Started StudentControllerTest in 10.247 seconds (process running for 16.334)
2025-07-05T22:38:24.354+05:30  INFO 23892 --- [Student_Management_System_SpringBoot] [           main] c.j.S.controller.StudentController       : Received request to add student with name: Kiran
]]></system-out>
    <system-err><![CDATA[Mockito is currently self-attaching to enable the inline-mock-maker. This will no longer work in future releases of the JDK. Please add Mockito as an agent to your build as described in Mockito's documentation: https://javadoc.io/doc/org.mockito/mockito-core/latest/org.mockito/org/mockito/Mockito.html#0.3
WARNING: A Java agent has been loaded dynamically (C:\Users\Dell\.m2\repository\net\bytebuddy\byte-buddy-agent\1.17.6\byte-buddy-agent-1.17.6.jar)
WARNING: If a serviceability tool is in use, please run with -XX:+EnableDynamicAgentLoading to hide this warning
WARNING: If a serviceability tool is not in use, please run with -Djdk.instrument.traceUsage for more information
WARNING: Dynamic loading of agents will be disallowed by default in a future release
]]></system-err>
  </testcase>
  <testcase name="getStudentById_notFound" classname="com.jeevlifeworks.Student_Management_System_SpringBoot.controller.StudentControllerTest" time="0.076">
    <system-out><![CDATA[2025-07-05T22:38:24.752+05:30  INFO 23892 --- [Student_Management_System_SpringBoot] [           main] c.j.S.controller.StudentController       : Received request to get student with ID: 9
]]></system-out>
  </testcase>
  <testcase name="addStudent_validationFail" classname="com.jeevlifeworks.Student_Management_System_SpringBoot.controller.StudentControllerTest" time="0.066"/>
</testsuite>